Using pre-set license

 COMMAND LINE ARGUMENTS:
/Users/marlorodrigues/Public/2020.3.1f1/Unity.app/Contents/MacOS/Unity
-adb2
-batchMode
-noUpm
-name
AssetImportWorker2
-projectPath
/Users/marlorodrigues/WorkSpace/Unity/ZigZage
-logFile
Logs/AssetImportWorker2.log
-srvPort
52290
Successfully changed project path to: /Users/marlorodrigues/WorkSpace/Unity/ZigZage
/Users/marlorodrigues/WorkSpace/Unity/ZigZage
Using Asset Import Pipeline V2.
Refreshing native plugins compatible for Editor in 126.78 ms, found 1 plugins.
Preloading 0 native plugins for Editor in 0.00 ms.
Initialize engine version: 2020.3.1f1 (77a89f25062f)
[Subsystems] Discovering subsystems at path /Users/marlorodrigues/Public/2020.3.1f1/Unity.app/Contents/Resources/UnitySubsystems
[Subsystems] Discovering subsystems at path /Users/marlorodrigues/WorkSpace/Unity/ZigZage/Assets
GfxDevice: creating device client; threaded=0
Renderer: NVIDIA GeForce 320M OpenGL Engine
Vendor:   NVIDIA Corporation
Version:  3.3 NVIDIA-10.4.14 310.90.30.05b27
GLES:     0
 GL_ARB_blend_func_extended GL_ARB_draw_buffers_blend GL_ARB_ES2_compatibility GL_ARB_explicit_attrib_location GL_ARB_instanced_arrays GL_ARB_internalformat_query GL_ARB_occlusion_query2 GL_ARB_sample_shading GL_ARB_sampler_objects GL_ARB_separate_shader_objects GL_ARB_shader_bit_encoding GL_ARB_shading_language_include GL_ARB_texture_cube_map_array GL_ARB_texture_query_lod GL_ARB_texture_rgb10_a2ui GL_ARB_texture_storage GL_ARB_texture_swizzle GL_ARB_timer_query GL_ARB_vertex_type_2_10_10_10_rev GL_ARB_viewport_array GL_EXT_debug_label GL_EXT_debug_marker GL_EXT_depth_bounds_test GL_EXT_framebuffer_multisample_blit_scaled GL_EXT_texture_compression_s3tc GL_EXT_texture_filter_anisotropic GL_EXT_texture_mirror_clamp GL_EXT_texture_sRGB_decode GL_APPLE_client_storage GL_APPLE_container_object_shareable GL_APPLE_flush_render GL_APPLE_object_purgeable GL_APPLE_rgb_422 GL_APPLE_row_bytes GL_APPLE_texture_range GL_ATI_texture_mirror_once GL_NV_texture_barrier
OPENGL LOG: Creating OpenGL 3.3 graphics device ; Context level  <OpenGL 3.3> ; Context handle -1316436480
Initialize mono
Mono path[0] = '/Users/marlorodrigues/Public/2020.3.1f1/Unity.app/Contents/Managed'
Mono path[1] = '/Users/marlorodrigues/Public/2020.3.1f1/Unity.app/Contents/MonoBleedingEdge/lib/mono/unityjit'
Mono config path = '/Users/marlorodrigues/Public/2020.3.1f1/Unity.app/Contents/MonoBleedingEdge/etc'
Using monoOptions --debugger-agent=transport=dt_socket,embedding=1,server=y,suspend=n,address=127.0.0.1:56339
Begin MonoManager ReloadAssembly
Registering precompiled unity dll's ...
Register platform support module: /Users/marlorodrigues/Public/2020.3.1f1/Unity.app/Contents/PlaybackEngines/MacStandaloneSupport/UnityEditor.OSXStandalone.Extensions.dll
Register platform support module: /Users/marlorodrigues/Public/2020.3.1f1/PlaybackEngines/WindowsStandaloneSupport/UnityEditor.WindowsStandalone.Extensions.dll
Registered in 0.004429 seconds.
Native extension for WindowsStandalone target not found
Native extension for OSXStandalone target not found
Refreshing native plugins compatible for Editor in 69.90 ms, found 1 plugins.
Preloading 0 native plugins for Editor in 0.00 ms.
Invoked RoslynAnalysisRunner static constructor.
RoslynAnalysisRunner will not be running.
RoslynAnalysisRunner has terminated.
Mono: successfully reloaded assembly
- Completed reload, in 14.409 seconds
Platform modules already initialized, skipping
Registering precompiled user dll's ...
Registered in 0.001979 seconds.
Begin MonoManager ReloadAssembly
Native extension for WindowsStandalone target not found
Native extension for OSXStandalone target not found
Refreshing native plugins compatible for Editor in 0.48 ms, found 1 plugins.
Preloading 0 native plugins for Editor in 0.00 ms.
Invoked RoslynAnalysisRunner static constructor.
RoslynAnalysisRunner will not be running.
RoslynAnalysisRunner has terminated.
Mono: successfully reloaded assembly
- Completed reload, in  2.405 seconds
Platform modules already initialized, skipping
========================================================================
Worker process is ready to serve import requests
Launching external process: /Users/marlorodrigues/Public/2020.3.1f1/Unity.app/Contents/Tools/UnityShaderCompiler
Launched and connected shader compiler UnityShaderCompiler after 0.05 seconds
Refreshing native plugins compatible for Editor in 0.44 ms, found 1 plugins.
Preloading 0 native plugins for Editor in 0.00 ms.
Unloading 1118 Unused Serialized files (Serialized files now loaded: 0)
System memory in use before: 112.4 MB.
System memory in use after: 112.5 MB.

Unloading 10 unused Assets to reduce memory usage. Loaded Objects now: 1561.
Total: 15.668204 ms (FindLiveObjects: 0.335852 ms CreateObjectMapping: 0.077485 ms MarkObjects: 14.981264 ms  DeleteObjects: 0.270164 ms)

========================================================================
Received Import Request.
  path: Assets/Scripts/TriggerPlataform.cs
  artifactKey: Guid(6aa6f1a6d4d4048ec86ba401d1cda3a3) Importer(815301076,1909f56bfc062723c751e8b465ee728b)
Start importing Assets/Scripts/TriggerPlataform.cs using Guid(6aa6f1a6d4d4048ec86ba401d1cda3a3) Importer(815301076,1909f56bfc062723c751e8b465ee728b)  -> (artifact id: 'e0961a46d5a0b3cda566b63a53f2f981') in 0.214996 seconds
  Import took 0.224793 seconds .

========================================================================
Received Prepare
Registering precompiled user dll's ...
Registered in 0.000911 seconds.
Begin MonoManager ReloadAssembly
Native extension for WindowsStandalone target not found
Native extension for OSXStandalone target not found
Refreshing native plugins compatible for Editor in 0.45 ms, found 1 plugins.
Preloading 0 native plugins for Editor in 0.00 ms.
Invoked RoslynAnalysisRunner static constructor.
RoslynAnalysisRunner will not be running.
RoslynAnalysisRunner has terminated.
Mono: successfully reloaded assembly
- Completed reload, in  2.241 seconds
Platform modules already initialized, skipping
Refreshing native plugins compatible for Editor in 0.45 ms, found 1 plugins.
Preloading 0 native plugins for Editor in 0.00 ms.
Unloading 1113 Unused Serialized files (Serialized files now loaded: 0)
System memory in use before: 113.7 MB.
System memory in use after: 113.8 MB.

Unloading 5 unused Assets to reduce memory usage. Loaded Objects now: 1564.
Total: 4.170736 ms (FindLiveObjects: 0.516266 ms CreateObjectMapping: 0.085949 ms MarkObjects: 3.413434 ms  DeleteObjects: 0.151154 ms)

========================================================================
Received Prepare
Registering precompiled user dll's ...
Registered in 0.000834 seconds.
Begin MonoManager ReloadAssembly
Native extension for WindowsStandalone target not found
Native extension for OSXStandalone target not found
Refreshing native plugins compatible for Editor in 0.43 ms, found 1 plugins.
Preloading 0 native plugins for Editor in 0.00 ms.
Invoked RoslynAnalysisRunner static constructor.
RoslynAnalysisRunner will not be running.
RoslynAnalysisRunner has terminated.
Mono: successfully reloaded assembly
- Completed reload, in  2.263 seconds
Platform modules already initialized, skipping
Refreshing native plugins compatible for Editor in 0.48 ms, found 1 plugins.
Preloading 0 native plugins for Editor in 0.00 ms.
Unloading 1113 Unused Serialized files (Serialized files now loaded: 0)
System memory in use before: 113.9 MB.
System memory in use after: 114.0 MB.

Unloading 5 unused Assets to reduce memory usage. Loaded Objects now: 1567.
Total: 3.670892 ms (FindLiveObjects: 0.312716 ms CreateObjectMapping: 0.087896 ms MarkObjects: 3.173189 ms  DeleteObjects: 0.095098 ms)

========================================================================
Received Prepare
Registering precompiled user dll's ...
Registered in 0.003285 seconds.
Begin MonoManager ReloadAssembly
Native extension for WindowsStandalone target not found
Native extension for OSXStandalone target not found
Refreshing native plugins compatible for Editor in 0.49 ms, found 1 plugins.
Preloading 0 native plugins for Editor in 0.00 ms.
Invoked RoslynAnalysisRunner static constructor.
RoslynAnalysisRunner will not be running.
RoslynAnalysisRunner has terminated.
Mono: successfully reloaded assembly
- Completed reload, in  4.510 seconds
Platform modules already initialized, skipping
Refreshing native plugins compatible for Editor in 0.48 ms, found 1 plugins.
Preloading 0 native plugins for Editor in 0.00 ms.
Unloading 1113 Unused Serialized files (Serialized files now loaded: 0)
System memory in use before: 114.1 MB.
System memory in use after: 114.2 MB.

Unloading 5 unused Assets to reduce memory usage. Loaded Objects now: 1570.
Total: 18.807062 ms (FindLiveObjects: 0.337065 ms CreateObjectMapping: 0.081730 ms MarkObjects: 18.274560 ms  DeleteObjects: 0.108626 ms)

========================================================================
Received Prepare
Registering precompiled user dll's ...
Registered in 0.000792 seconds.
Begin MonoManager ReloadAssembly
Native extension for WindowsStandalone target not found
Native extension for OSXStandalone target not found
Refreshing native plugins compatible for Editor in 0.54 ms, found 1 plugins.
Preloading 0 native plugins for Editor in 0.00 ms.
Invoked RoslynAnalysisRunner static constructor.
RoslynAnalysisRunner will not be running.
RoslynAnalysisRunner has terminated.
Mono: successfully reloaded assembly
- Completed reload, in  2.240 seconds
Platform modules already initialized, skipping
Refreshing native plugins compatible for Editor in 0.46 ms, found 1 plugins.
Preloading 0 native plugins for Editor in 0.00 ms.
Unloading 1113 Unused Serialized files (Serialized files now loaded: 0)
System memory in use before: 114.3 MB.
System memory in use after: 114.4 MB.

Unloading 5 unused Assets to reduce memory usage. Loaded Objects now: 1573.
Total: 13.089897 ms (FindLiveObjects: 3.340966 ms CreateObjectMapping: 0.145470 ms MarkObjects: 9.490654 ms  DeleteObjects: 0.108222 ms)

========================================================================
Received Prepare
Registering precompiled user dll's ...
Registered in 0.002271 seconds.
Begin MonoManager ReloadAssembly
Native extension for WindowsStandalone target not found
Native extension for OSXStandalone target not found
Refreshing native plugins compatible for Editor in 0.47 ms, found 1 plugins.
Preloading 0 native plugins for Editor in 0.00 ms.
Invoked RoslynAnalysisRunner static constructor.
RoslynAnalysisRunner will not be running.
RoslynAnalysisRunner has terminated.
Mono: successfully reloaded assembly
- Completed reload, in  2.539 seconds
Platform modules already initialized, skipping
Refreshing native plugins compatible for Editor in 0.47 ms, found 1 plugins.
Preloading 0 native plugins for Editor in 0.00 ms.
Unloading 1113 Unused Serialized files (Serialized files now loaded: 0)
System memory in use before: 114.5 MB.
System memory in use after: 114.6 MB.

Unloading 5 unused Assets to reduce memory usage. Loaded Objects now: 1576.
Total: 3.937486 ms (FindLiveObjects: 0.442006 ms CreateObjectMapping: 0.085610 ms MarkObjects: 3.253717 ms  DeleteObjects: 0.153621 ms)

========================================================================
Received Prepare
Registering precompiled user dll's ...
Registered in 0.000789 seconds.
Begin MonoManager ReloadAssembly
Native extension for WindowsStandalone target not found
Native extension for OSXStandalone target not found
Refreshing native plugins compatible for Editor in 0.48 ms, found 1 plugins.
Preloading 0 native plugins for Editor in 0.00 ms.
Invoked RoslynAnalysisRunner static constructor.
RoslynAnalysisRunner will not be running.
RoslynAnalysisRunner has terminated.
Mono: successfully reloaded assembly
- Completed reload, in  2.353 seconds
Platform modules already initialized, skipping
Refreshing native plugins compatible for Editor in 0.46 ms, found 1 plugins.
Preloading 0 native plugins for Editor in 0.00 ms.
Unloading 1113 Unused Serialized files (Serialized files now loaded: 0)
System memory in use before: 114.6 MB.
System memory in use after: 114.7 MB.

Unloading 5 unused Assets to reduce memory usage. Loaded Objects now: 1579.
Total: 3.593798 ms (FindLiveObjects: 0.314006 ms CreateObjectMapping: 0.085983 ms MarkObjects: 3.089881 ms  DeleteObjects: 0.101822 ms)

========================================================================
Received Prepare
Registering precompiled user dll's ...
Registered in 0.001023 seconds.
Begin MonoManager ReloadAssembly
Native extension for WindowsStandalone target not found
Native extension for OSXStandalone target not found
Refreshing native plugins compatible for Editor in 0.46 ms, found 1 plugins.
Preloading 0 native plugins for Editor in 0.00 ms.
Invoked RoslynAnalysisRunner static constructor.
RoslynAnalysisRunner will not be running.
RoslynAnalysisRunner has terminated.
Mono: successfully reloaded assembly
- Completed reload, in  2.108 seconds
Platform modules already initialized, skipping
Refreshing native plugins compatible for Editor in 0.47 ms, found 1 plugins.
Preloading 0 native plugins for Editor in 0.00 ms.
Unloading 1113 Unused Serialized files (Serialized files now loaded: 0)
System memory in use before: 114.8 MB.
System memory in use after: 114.9 MB.

Unloading 5 unused Assets to reduce memory usage. Loaded Objects now: 1582.
Total: 4.225555 ms (FindLiveObjects: 0.407886 ms CreateObjectMapping: 0.082423 ms MarkObjects: 3.630787 ms  DeleteObjects: 0.102090 ms)

========================================================================
Received Prepare
Registering precompiled user dll's ...
Registered in 0.003299 seconds.
Begin MonoManager ReloadAssembly
Native extension for WindowsStandalone target not found
Native extension for OSXStandalone target not found
Refreshing native plugins compatible for Editor in 0.45 ms, found 1 plugins.
Preloading 0 native plugins for Editor in 0.00 ms.
Invoked RoslynAnalysisRunner static constructor.
RoslynAnalysisRunner will not be running.
RoslynAnalysisRunner has terminated.
Mono: successfully reloaded assembly
- Completed reload, in  2.208 seconds
Platform modules already initialized, skipping
Refreshing native plugins compatible for Editor in 0.63 ms, found 1 plugins.
Preloading 0 native plugins for Editor in 0.00 ms.
Unloading 1113 Unused Serialized files (Serialized files now loaded: 0)
System memory in use before: 115.0 MB.
System memory in use after: 115.0 MB.

Unloading 5 unused Assets to reduce memory usage. Loaded Objects now: 1585.
Total: 3.751406 ms (FindLiveObjects: 0.320611 ms CreateObjectMapping: 0.077353 ms MarkObjects: 3.248768 ms  DeleteObjects: 0.102293 ms)

========================================================================
Received Prepare
Registering precompiled user dll's ...
Registered in 0.000794 seconds.
Begin MonoManager ReloadAssembly
Native extension for WindowsStandalone target not found
Native extension for OSXStandalone target not found
Refreshing native plugins compatible for Editor in 0.46 ms, found 1 plugins.
Preloading 0 native plugins for Editor in 0.00 ms.
Invoked RoslynAnalysisRunner static constructor.
RoslynAnalysisRunner will not be running.
RoslynAnalysisRunner has terminated.
Mono: successfully reloaded assembly
- Completed reload, in  2.203 seconds
Platform modules already initialized, skipping
Refreshing native plugins compatible for Editor in 0.43 ms, found 1 plugins.
Preloading 0 native plugins for Editor in 0.00 ms.
Unloading 1113 Unused Serialized files (Serialized files now loaded: 0)
System memory in use before: 115.1 MB.
System memory in use after: 115.2 MB.

Unloading 5 unused Assets to reduce memory usage. Loaded Objects now: 1588.
Total: 4.463238 ms (FindLiveObjects: 0.312863 ms CreateObjectMapping: 0.071567 ms MarkObjects: 3.357382 ms  DeleteObjects: 0.717580 ms)

========================================================================
Received Prepare
Registering precompiled user dll's ...
Registered in 0.000823 seconds.
Begin MonoManager ReloadAssembly
Native extension for WindowsStandalone target not found
Native extension for OSXStandalone target not found
Refreshing native plugins compatible for Editor in 0.43 ms, found 1 plugins.
Preloading 0 native plugins for Editor in 0.00 ms.
Invoked RoslynAnalysisRunner static constructor.
RoslynAnalysisRunner will not be running.
RoslynAnalysisRunner has terminated.
Mono: successfully reloaded assembly
- Completed reload, in  2.073 seconds
Platform modules already initialized, skipping
Refreshing native plugins compatible for Editor in 0.49 ms, found 1 plugins.
Preloading 0 native plugins for Editor in 0.00 ms.
Unloading 1113 Unused Serialized files (Serialized files now loaded: 0)
System memory in use before: 115.3 MB.
System memory in use after: 115.4 MB.

Unloading 5 unused Assets to reduce memory usage. Loaded Objects now: 1591.
Total: 4.995673 ms (FindLiveObjects: 0.315819 ms CreateObjectMapping: 0.070821 ms MarkObjects: 4.499239 ms  DeleteObjects: 0.106964 ms)

========================================================================
Received Prepare
Registering precompiled user dll's ...
Registered in 0.001558 seconds.
Begin MonoManager ReloadAssembly
Native extension for WindowsStandalone target not found
Native extension for OSXStandalone target not found
Refreshing native plugins compatible for Editor in 0.68 ms, found 1 plugins.
Preloading 0 native plugins for Editor in 0.00 ms.
Invoked RoslynAnalysisRunner static constructor.
RoslynAnalysisRunner will not be running.
RoslynAnalysisRunner has terminated.
Mono: successfully reloaded assembly
- Completed reload, in  2.073 seconds
Platform modules already initialized, skipping
Refreshing native plugins compatible for Editor in 0.49 ms, found 1 plugins.
Preloading 0 native plugins for Editor in 0.00 ms.
Unloading 1113 Unused Serialized files (Serialized files now loaded: 0)
System memory in use before: 115.4 MB.
System memory in use after: 115.5 MB.

Unloading 5 unused Assets to reduce memory usage. Loaded Objects now: 1594.
Total: 3.797080 ms (FindLiveObjects: 0.324179 ms CreateObjectMapping: 0.073582 ms MarkObjects: 3.289168 ms  DeleteObjects: 0.107447 ms)

========================================================================
Received Prepare
Registering precompiled user dll's ...
Registered in 0.001045 seconds.
Begin MonoManager ReloadAssembly
Native extension for WindowsStandalone target not found
Native extension for OSXStandalone target not found
Refreshing native plugins compatible for Editor in 0.44 ms, found 1 plugins.
Preloading 0 native plugins for Editor in 0.00 ms.
Invoked RoslynAnalysisRunner static constructor.
RoslynAnalysisRunner will not be running.
RoslynAnalysisRunner has terminated.
Mono: successfully reloaded assembly
- Completed reload, in  2.301 seconds
Platform modules already initialized, skipping
Refreshing native plugins compatible for Editor in 0.44 ms, found 1 plugins.
Preloading 0 native plugins for Editor in 0.00 ms.
Unloading 1113 Unused Serialized files (Serialized files now loaded: 0)
System memory in use before: 115.6 MB.
System memory in use after: 115.7 MB.

Unloading 5 unused Assets to reduce memory usage. Loaded Objects now: 1597.
Total: 3.576783 ms (FindLiveObjects: 0.464129 ms CreateObjectMapping: 0.070874 ms MarkObjects: 2.902492 ms  DeleteObjects: 0.137092 ms)

========================================================================
Received Prepare
Registering precompiled user dll's ...
Registered in 0.000903 seconds.
Begin MonoManager ReloadAssembly
Native extension for WindowsStandalone target not found
Native extension for OSXStandalone target not found
Refreshing native plugins compatible for Editor in 0.46 ms, found 1 plugins.
Preloading 0 native plugins for Editor in 0.00 ms.
Invoked RoslynAnalysisRunner static constructor.
RoslynAnalysisRunner will not be running.
RoslynAnalysisRunner has terminated.
Mono: successfully reloaded assembly
- Completed reload, in  3.100 seconds
Platform modules already initialized, skipping
Refreshing native plugins compatible for Editor in 0.49 ms, found 1 plugins.
Preloading 0 native plugins for Editor in 0.00 ms.
Unloading 1113 Unused Serialized files (Serialized files now loaded: 0)
System memory in use before: 115.8 MB.
System memory in use after: 115.9 MB.

Unloading 5 unused Assets to reduce memory usage. Loaded Objects now: 1600.
Total: 3.792989 ms (FindLiveObjects: 0.327734 ms CreateObjectMapping: 0.079112 ms MarkObjects: 3.274469 ms  DeleteObjects: 0.108652 ms)

========================================================================
Received Prepare
Registering precompiled user dll's ...
Registered in 0.000875 seconds.
Begin MonoManager ReloadAssembly
Native extension for WindowsStandalone target not found
Native extension for OSXStandalone target not found
Refreshing native plugins compatible for Editor in 0.48 ms, found 1 plugins.
Preloading 0 native plugins for Editor in 0.00 ms.
Invoked RoslynAnalysisRunner static constructor.
RoslynAnalysisRunner will not be running.
RoslynAnalysisRunner has terminated.
Mono: successfully reloaded assembly
- Completed reload, in  2.314 seconds
Platform modules already initialized, skipping
Refreshing native plugins compatible for Editor in 0.44 ms, found 1 plugins.
Preloading 0 native plugins for Editor in 0.00 ms.
Unloading 1113 Unused Serialized files (Serialized files now loaded: 0)
System memory in use before: 115.9 MB.
System memory in use after: 116.0 MB.

Unloading 5 unused Assets to reduce memory usage. Loaded Objects now: 1603.
Total: 5.312979 ms (FindLiveObjects: 0.374515 ms CreateObjectMapping: 0.095276 ms MarkObjects: 4.722302 ms  DeleteObjects: 0.117779 ms)

========================================================================
Received Prepare
Registering precompiled user dll's ...
Registered in 0.000845 seconds.
Begin MonoManager ReloadAssembly
Native extension for WindowsStandalone target not found
Native extension for OSXStandalone target not found
Refreshing native plugins compatible for Editor in 0.46 ms, found 1 plugins.
Preloading 0 native plugins for Editor in 0.00 ms.
Invoked RoslynAnalysisRunner static constructor.
RoslynAnalysisRunner will not be running.
RoslynAnalysisRunner has terminated.
Mono: successfully reloaded assembly
- Completed reload, in  2.184 seconds
Platform modules already initialized, skipping
Refreshing native plugins compatible for Editor in 0.46 ms, found 1 plugins.
Preloading 0 native plugins for Editor in 0.00 ms.
Unloading 1113 Unused Serialized files (Serialized files now loaded: 0)
System memory in use before: 116.1 MB.
System memory in use after: 116.2 MB.

Unloading 5 unused Assets to reduce memory usage. Loaded Objects now: 1606.
Total: 3.734206 ms (FindLiveObjects: 0.363425 ms CreateObjectMapping: 0.080792 ms MarkObjects: 3.173973 ms  DeleteObjects: 0.112487 ms)

========================================================================
Received Prepare
Registering precompiled user dll's ...
Registered in 0.001912 seconds.
Begin MonoManager ReloadAssembly
Native extension for WindowsStandalone target not found
Native extension for OSXStandalone target not found
Refreshing native plugins compatible for Editor in 0.49 ms, found 1 plugins.
Preloading 0 native plugins for Editor in 0.00 ms.
Invoked RoslynAnalysisRunner static constructor.
RoslynAnalysisRunner will not be running.
RoslynAnalysisRunner has terminated.
Mono: successfully reloaded assembly
- Completed reload, in  2.886 seconds
Platform modules already initialized, skipping
Refreshing native plugins compatible for Editor in 0.47 ms, found 1 plugins.
Preloading 0 native plugins for Editor in 0.00 ms.
Unloading 1113 Unused Serialized files (Serialized files now loaded: 0)
System memory in use before: 116.3 MB.
System memory in use after: 116.3 MB.

Unloading 5 unused Assets to reduce memory usage. Loaded Objects now: 1609.
Total: 3.843348 ms (FindLiveObjects: 0.325131 ms CreateObjectMapping: 0.083022 ms MarkObjects: 3.326769 ms  DeleteObjects: 0.106350 ms)

========================================================================
Received Prepare
Registering precompiled user dll's ...
Registered in 0.001785 seconds.
Begin MonoManager ReloadAssembly
Native extension for WindowsStandalone target not found
Native extension for OSXStandalone target not found
Refreshing native plugins compatible for Editor in 0.45 ms, found 1 plugins.
Preloading 0 native plugins for Editor in 0.00 ms.
Invoked RoslynAnalysisRunner static constructor.
RoslynAnalysisRunner will not be running.
RoslynAnalysisRunner has terminated.
Mono: successfully reloaded assembly
- Completed reload, in  2.623 seconds
Platform modules already initialized, skipping
Refreshing native plugins compatible for Editor in 0.61 ms, found 1 plugins.
Preloading 0 native plugins for Editor in 0.00 ms.
Unloading 1113 Unused Serialized files (Serialized files now loaded: 0)
System memory in use before: 116.4 MB.
System memory in use after: 116.5 MB.

Unloading 5 unused Assets to reduce memory usage. Loaded Objects now: 1612.
Total: 4.209869 ms (FindLiveObjects: 0.448553 ms CreateObjectMapping: 0.090447 ms MarkObjects: 3.409603 ms  DeleteObjects: 0.258932 ms)

========================================================================
Received Prepare
Registering precompiled user dll's ...
Registered in 0.000829 seconds.
Begin MonoManager ReloadAssembly
Native extension for WindowsStandalone target not found
Native extension for OSXStandalone target not found
Refreshing native plugins compatible for Editor in 0.47 ms, found 1 plugins.
Preloading 0 native plugins for Editor in 0.00 ms.
Invoked RoslynAnalysisRunner static constructor.
RoslynAnalysisRunner will not be running.
RoslynAnalysisRunner has terminated.
Mono: successfully reloaded assembly
- Completed reload, in  2.082 seconds
Platform modules already initialized, skipping
Refreshing native plugins compatible for Editor in 0.46 ms, found 1 plugins.
Preloading 0 native plugins for Editor in 0.00 ms.
Unloading 1113 Unused Serialized files (Serialized files now loaded: 0)
System memory in use before: 116.6 MB.
System memory in use after: 116.7 MB.

Unloading 5 unused Assets to reduce memory usage. Loaded Objects now: 1615.
Total: 3.538912 ms (FindLiveObjects: 0.322818 ms CreateObjectMapping: 0.080841 ms MarkObjects: 3.029026 ms  DeleteObjects: 0.104098 ms)

========================================================================
Received Prepare
Registering precompiled user dll's ...
Registered in 0.001729 seconds.
Begin MonoManager ReloadAssembly
Native extension for WindowsStandalone target not found
Native extension for OSXStandalone target not found
Refreshing native plugins compatible for Editor in 2.35 ms, found 1 plugins.
Preloading 0 native plugins for Editor in 0.00 ms.
Invoked RoslynAnalysisRunner static constructor.
RoslynAnalysisRunner will not be running.
RoslynAnalysisRunner has terminated.
Mono: successfully reloaded assembly
- Completed reload, in  4.768 seconds
Platform modules already initialized, skipping
Refreshing native plugins compatible for Editor in 0.51 ms, found 1 plugins.
Preloading 0 native plugins for Editor in 0.00 ms.
Unloading 1113 Unused Serialized files (Serialized files now loaded: 0)
System memory in use before: 116.8 MB.
System memory in use after: 116.8 MB.

Unloading 5 unused Assets to reduce memory usage. Loaded Objects now: 1618.
Total: 4.906235 ms (FindLiveObjects: 0.494095 ms CreateObjectMapping: 0.221899 ms MarkObjects: 4.059906 ms  DeleteObjects: 0.126153 ms)

========================================================================
Received Prepare
Registering precompiled user dll's ...
Registered in 0.000812 seconds.
Begin MonoManager ReloadAssembly
Native extension for WindowsStandalone target not found
Native extension for OSXStandalone target not found
Refreshing native plugins compatible for Editor in 0.56 ms, found 1 plugins.
Preloading 0 native plugins for Editor in 0.00 ms.
Invoked RoslynAnalysisRunner static constructor.
RoslynAnalysisRunner will not be running.
RoslynAnalysisRunner has terminated.
Mono: successfully reloaded assembly
- Completed reload, in  3.762 seconds
Platform modules already initialized, skipping
Refreshing native plugins compatible for Editor in 0.55 ms, found 1 plugins.
Preloading 0 native plugins for Editor in 0.00 ms.
Unloading 1113 Unused Serialized files (Serialized files now loaded: 0)
System memory in use before: 116.9 MB.
System memory in use after: 117.0 MB.

Unloading 5 unused Assets to reduce memory usage. Loaded Objects now: 1621.
Total: 5.100324 ms (FindLiveObjects: 0.464095 ms CreateObjectMapping: 0.571602 ms MarkObjects: 3.889994 ms  DeleteObjects: 0.171563 ms)

========================================================================
Received Prepare
Registering precompiled user dll's ...
Registered in 0.000864 seconds.
Begin MonoManager ReloadAssembly
Native extension for WindowsStandalone target not found
Native extension for OSXStandalone target not found
Refreshing native plugins compatible for Editor in 0.70 ms, found 1 plugins.
Preloading 0 native plugins for Editor in 0.00 ms.
Invoked RoslynAnalysisRunner static constructor.
RoslynAnalysisRunner will not be running.
RoslynAnalysisRunner has terminated.
Mono: successfully reloaded assembly
- Completed reload, in  2.407 seconds
Platform modules already initialized, skipping
Refreshing native plugins compatible for Editor in 0.43 ms, found 1 plugins.
Preloading 0 native plugins for Editor in 0.00 ms.
Unloading 1113 Unused Serialized files (Serialized files now loaded: 0)
System memory in use before: 117.1 MB.
System memory in use after: 117.2 MB.

Unloading 5 unused Assets to reduce memory usage. Loaded Objects now: 1624.
Total: 3.480955 ms (FindLiveObjects: 0.321881 ms CreateObjectMapping: 0.072434 ms MarkObjects: 2.966595 ms  DeleteObjects: 0.117851 ms)

========================================================================
Received Prepare
Registering precompiled user dll's ...
Registered in 0.001693 seconds.
Begin MonoManager ReloadAssembly
Native extension for WindowsStandalone target not found
Native extension for OSXStandalone target not found
Refreshing native plugins compatible for Editor in 0.45 ms, found 1 plugins.
Preloading 0 native plugins for Editor in 0.00 ms.
Invoked RoslynAnalysisRunner static constructor.
RoslynAnalysisRunner will not be running.
RoslynAnalysisRunner has terminated.
Mono: successfully reloaded assembly
- Completed reload, in  2.596 seconds
Platform modules already initialized, skipping
Refreshing native plugins compatible for Editor in 0.44 ms, found 1 plugins.
Preloading 0 native plugins for Editor in 0.00 ms.
Unloading 1113 Unused Serialized files (Serialized files now loaded: 0)
System memory in use before: 117.3 MB.
System memory in use after: 117.3 MB.

Unloading 5 unused Assets to reduce memory usage. Loaded Objects now: 1627.
Total: 3.771571 ms (FindLiveObjects: 0.445367 ms CreateObjectMapping: 0.074818 ms MarkObjects: 3.110894 ms  DeleteObjects: 0.138252 ms)

========================================================================
Received Prepare
Registering precompiled user dll's ...
Registered in 0.001920 seconds.
Begin MonoManager ReloadAssembly
Native extension for WindowsStandalone target not found
Native extension for OSXStandalone target not found
Refreshing native plugins compatible for Editor in 0.50 ms, found 1 plugins.
Preloading 0 native plugins for Editor in 0.00 ms.
Invoked RoslynAnalysisRunner static constructor.
RoslynAnalysisRunner will not be running.
RoslynAnalysisRunner has terminated.
Mono: successfully reloaded assembly
- Completed reload, in  2.099 seconds
Platform modules already initialized, skipping
Refreshing native plugins compatible for Editor in 0.58 ms, found 1 plugins.
Preloading 0 native plugins for Editor in 0.00 ms.
Unloading 1113 Unused Serialized files (Serialized files now loaded: 0)
System memory in use before: 117.4 MB.
System memory in use after: 117.5 MB.

Unloading 5 unused Assets to reduce memory usage. Loaded Objects now: 1630.
Total: 3.911167 ms (FindLiveObjects: 0.368958 ms CreateObjectMapping: 0.079722 ms MarkObjects: 3.342880 ms  DeleteObjects: 0.114834 ms)

========================================================================
Received Prepare
Registering precompiled user dll's ...
Registered in 0.000814 seconds.
Begin MonoManager ReloadAssembly
Native extension for WindowsStandalone target not found
Native extension for OSXStandalone target not found
Refreshing native plugins compatible for Editor in 1.10 ms, found 1 plugins.
Preloading 0 native plugins for Editor in 0.00 ms.
Invoked RoslynAnalysisRunner static constructor.
RoslynAnalysisRunner will not be running.
RoslynAnalysisRunner has terminated.
Mono: successfully reloaded assembly
- Completed reload, in  4.326 seconds
Platform modules already initialized, skipping
Refreshing native plugins compatible for Editor in 0.46 ms, found 1 plugins.
Preloading 0 native plugins for Editor in 0.00 ms.
Unloading 1113 Unused Serialized files (Serialized files now loaded: 0)
System memory in use before: 117.6 MB.
System memory in use after: 117.7 MB.

Unloading 5 unused Assets to reduce memory usage. Loaded Objects now: 1633.
Total: 4.157227 ms (FindLiveObjects: 0.325523 ms CreateObjectMapping: 0.077522 ms MarkObjects: 3.640163 ms  DeleteObjects: 0.111590 ms)

========================================================================
Received Prepare
Registering precompiled user dll's ...
Registered in 0.000798 seconds.
Begin MonoManager ReloadAssembly
Native extension for WindowsStandalone target not found
Native extension for OSXStandalone target not found
Refreshing native plugins compatible for Editor in 0.44 ms, found 1 plugins.
Preloading 0 native plugins for Editor in 0.00 ms.
Invoked RoslynAnalysisRunner static constructor.
RoslynAnalysisRunner will not be running.
RoslynAnalysisRunner has terminated.
Mono: successfully reloaded assembly
- Completed reload, in  2.037 seconds
Platform modules already initialized, skipping
Refreshing native plugins compatible for Editor in 0.47 ms, found 1 plugins.
Preloading 0 native plugins for Editor in 0.00 ms.
Unloading 1113 Unused Serialized files (Serialized files now loaded: 0)
System memory in use before: 117.7 MB.
System memory in use after: 117.8 MB.

Unloading 5 unused Assets to reduce memory usage. Loaded Objects now: 1636.
Total: 4.583496 ms (FindLiveObjects: 0.338180 ms CreateObjectMapping: 0.081674 ms MarkObjects: 4.057597 ms  DeleteObjects: 0.103891 ms)

========================================================================
Received Prepare
Registering precompiled user dll's ...
Registered in 0.001951 seconds.
Begin MonoManager ReloadAssembly
Native extension for WindowsStandalone target not found
Native extension for OSXStandalone target not found
Refreshing native plugins compatible for Editor in 0.43 ms, found 1 plugins.
Preloading 0 native plugins for Editor in 0.00 ms.
Invoked RoslynAnalysisRunner static constructor.
RoslynAnalysisRunner will not be running.
RoslynAnalysisRunner has terminated.
Mono: successfully reloaded assembly
- Completed reload, in  2.431 seconds
Platform modules already initialized, skipping
Refreshing native plugins compatible for Editor in 0.44 ms, found 1 plugins.
Preloading 0 native plugins for Editor in 0.00 ms.
Unloading 1113 Unused Serialized files (Serialized files now loaded: 0)
System memory in use before: 117.9 MB.
System memory in use after: 118.0 MB.

Unloading 5 unused Assets to reduce memory usage. Loaded Objects now: 1639.
Total: 4.821743 ms (FindLiveObjects: 0.795318 ms CreateObjectMapping: 0.163302 ms MarkObjects: 3.741126 ms  DeleteObjects: 0.117591 ms)

========================================================================
Received Prepare
Registering precompiled user dll's ...
Registered in 0.000792 seconds.
Begin MonoManager ReloadAssembly
Native extension for WindowsStandalone target not found
Native extension for OSXStandalone target not found
Refreshing native plugins compatible for Editor in 0.43 ms, found 1 plugins.
Preloading 0 native plugins for Editor in 0.00 ms.
Invoked RoslynAnalysisRunner static constructor.
RoslynAnalysisRunner will not be running.
RoslynAnalysisRunner has terminated.
Mono: successfully reloaded assembly
- Completed reload, in  2.506 seconds
Platform modules already initialized, skipping
Refreshing native plugins compatible for Editor in 0.50 ms, found 1 plugins.
Preloading 0 native plugins for Editor in 0.00 ms.
Unloading 1113 Unused Serialized files (Serialized files now loaded: 0)
System memory in use before: 118.1 MB.
System memory in use after: 118.2 MB.

Unloading 5 unused Assets to reduce memory usage. Loaded Objects now: 1642.
Total: 4.470233 ms (FindLiveObjects: 0.532283 ms CreateObjectMapping: 0.164104 ms MarkObjects: 3.633028 ms  DeleteObjects: 0.136542 ms)

========================================================================
Received Prepare
Registering precompiled user dll's ...
Registered in 0.000999 seconds.
Begin MonoManager ReloadAssembly
Native extension for WindowsStandalone target not found
Native extension for OSXStandalone target not found
Refreshing native plugins compatible for Editor in 0.43 ms, found 1 plugins.
Preloading 0 native plugins for Editor in 0.00 ms.
Invoked RoslynAnalysisRunner static constructor.
RoslynAnalysisRunner will not be running.
RoslynAnalysisRunner has terminated.
Mono: successfully reloaded assembly
- Completed reload, in  2.686 seconds
Platform modules already initialized, skipping
Refreshing native plugins compatible for Editor in 0.44 ms, found 1 plugins.
Preloading 0 native plugins for Editor in 0.00 ms.
Unloading 1113 Unused Serialized files (Serialized files now loaded: 0)
System memory in use before: 118.3 MB.
System memory in use after: 118.3 MB.

Unloading 5 unused Assets to reduce memory usage. Loaded Objects now: 1645.
Total: 3.835594 ms (FindLiveObjects: 0.328559 ms CreateObjectMapping: 0.072181 ms MarkObjects: 3.315211 ms  DeleteObjects: 0.117256 ms)

========================================================================
Received Prepare
Registering precompiled user dll's ...
Registered in 0.000815 seconds.
Begin MonoManager ReloadAssembly
Native extension for WindowsStandalone target not found
Native extension for OSXStandalone target not found
Refreshing native plugins compatible for Editor in 0.44 ms, found 1 plugins.
Preloading 0 native plugins for Editor in 0.00 ms.
Invoked RoslynAnalysisRunner static constructor.
RoslynAnalysisRunner will not be running.
RoslynAnalysisRunner has terminated.
Mono: successfully reloaded assembly
- Completed reload, in  2.648 seconds
Platform modules already initialized, skipping
Refreshing native plugins compatible for Editor in 132.27 ms, found 1 plugins.
Preloading 0 native plugins for Editor in 0.00 ms.
Unloading 1113 Unused Serialized files (Serialized files now loaded: 0)
System memory in use before: 118.4 MB.
System memory in use after: 118.5 MB.

Unloading 5 unused Assets to reduce memory usage. Loaded Objects now: 1648.
Total: 25.433761 ms (FindLiveObjects: 0.364201 ms CreateObjectMapping: 0.082668 ms MarkObjects: 24.781537 ms  DeleteObjects: 0.200504 ms)

========================================================================
Received Prepare
Registering precompiled user dll's ...
Registered in 0.000875 seconds.
Begin MonoManager ReloadAssembly
Native extension for WindowsStandalone target not found
Native extension for OSXStandalone target not found
Refreshing native plugins compatible for Editor in 0.43 ms, found 1 plugins.
Preloading 0 native plugins for Editor in 0.00 ms.
Invoked RoslynAnalysisRunner static constructor.
RoslynAnalysisRunner will not be running.
RoslynAnalysisRunner has terminated.
Mono: successfully reloaded assembly
- Completed reload, in  2.127 seconds
Platform modules already initialized, skipping
Refreshing native plugins compatible for Editor in 0.43 ms, found 1 plugins.
Preloading 0 native plugins for Editor in 0.00 ms.
Unloading 1113 Unused Serialized files (Serialized files now loaded: 0)
System memory in use before: 118.6 MB.
System memory in use after: 118.7 MB.

Unloading 5 unused Assets to reduce memory usage. Loaded Objects now: 1651.
Total: 3.428384 ms (FindLiveObjects: 0.329041 ms CreateObjectMapping: 0.075406 ms MarkObjects: 2.919426 ms  DeleteObjects: 0.102271 ms)

========================================================================
Received Prepare
Registering precompiled user dll's ...
Registered in 0.000808 seconds.
Begin MonoManager ReloadAssembly
Native extension for WindowsStandalone target not found
Native extension for OSXStandalone target not found
Refreshing native plugins compatible for Editor in 0.43 ms, found 1 plugins.
Preloading 0 native plugins for Editor in 0.00 ms.
Invoked RoslynAnalysisRunner static constructor.
RoslynAnalysisRunner will not be running.
RoslynAnalysisRunner has terminated.
Mono: successfully reloaded assembly
- Completed reload, in  2.086 seconds
Platform modules already initialized, skipping
Refreshing native plugins compatible for Editor in 0.85 ms, found 1 plugins.
Preloading 0 native plugins for Editor in 0.00 ms.
Unloading 1113 Unused Serialized files (Serialized files now loaded: 0)
System memory in use before: 118.7 MB.
System memory in use after: 118.8 MB.

Unloading 5 unused Assets to reduce memory usage. Loaded Objects now: 1654.
Total: 4.003367 ms (FindLiveObjects: 0.473546 ms CreateObjectMapping: 0.079787 ms MarkObjects: 3.341668 ms  DeleteObjects: 0.105800 ms)

========================================================================
Received Prepare
Registering precompiled user dll's ...
Registered in 0.000847 seconds.
Begin MonoManager ReloadAssembly
Native extension for WindowsStandalone target not found
Native extension for OSXStandalone target not found
Refreshing native plugins compatible for Editor in 0.46 ms, found 1 plugins.
Preloading 0 native plugins for Editor in 0.00 ms.
Invoked RoslynAnalysisRunner static constructor.
RoslynAnalysisRunner will not be running.
RoslynAnalysisRunner has terminated.
Mono: successfully reloaded assembly
- Completed reload, in  2.124 seconds
Platform modules already initialized, skipping
Refreshing native plugins compatible for Editor in 0.47 ms, found 1 plugins.
Preloading 0 native plugins for Editor in 0.00 ms.
Unloading 1113 Unused Serialized files (Serialized files now loaded: 0)
System memory in use before: 118.9 MB.
System memory in use after: 119.0 MB.

Unloading 5 unused Assets to reduce memory usage. Loaded Objects now: 1657.
Total: 3.905219 ms (FindLiveObjects: 0.328966 ms CreateObjectMapping: 0.079500 ms MarkObjects: 3.379837 ms  DeleteObjects: 0.114774 ms)

========================================================================
Received Prepare
Registering precompiled user dll's ...
Registered in 0.000791 seconds.
Begin MonoManager ReloadAssembly
Native extension for WindowsStandalone target not found
Native extension for OSXStandalone target not found
Refreshing native plugins compatible for Editor in 0.43 ms, found 1 plugins.
Preloading 0 native plugins for Editor in 0.00 ms.
Invoked RoslynAnalysisRunner static constructor.
RoslynAnalysisRunner will not be running.
RoslynAnalysisRunner has terminated.
Mono: successfully reloaded assembly
- Completed reload, in  2.491 seconds
Platform modules already initialized, skipping
Refreshing native plugins compatible for Editor in 0.44 ms, found 1 plugins.
Preloading 0 native plugins for Editor in 0.00 ms.
Unloading 1113 Unused Serialized files (Serialized files now loaded: 0)
System memory in use before: 119.1 MB.
System memory in use after: 119.2 MB.

Unloading 5 unused Assets to reduce memory usage. Loaded Objects now: 1660.
Total: 3.512705 ms (FindLiveObjects: 0.354698 ms CreateObjectMapping: 0.076422 ms MarkObjects: 2.973069 ms  DeleteObjects: 0.106083 ms)

========================================================================
Received Prepare
Registering precompiled user dll's ...
Registered in 0.000920 seconds.
Begin MonoManager ReloadAssembly
Native extension for WindowsStandalone target not found
Native extension for OSXStandalone target not found
Refreshing native plugins compatible for Editor in 0.43 ms, found 1 plugins.
Preloading 0 native plugins for Editor in 0.00 ms.
Invoked RoslynAnalysisRunner static constructor.
RoslynAnalysisRunner will not be running.
RoslynAnalysisRunner has terminated.
Mono: successfully reloaded assembly
- Completed reload, in  2.126 seconds
Platform modules already initialized, skipping
Refreshing native plugins compatible for Editor in 0.44 ms, found 1 plugins.
Preloading 0 native plugins for Editor in 0.00 ms.
Unloading 1113 Unused Serialized files (Serialized files now loaded: 0)
System memory in use before: 119.2 MB.
System memory in use after: 119.3 MB.

Unloading 5 unused Assets to reduce memory usage. Loaded Objects now: 1663.
Total: 4.440798 ms (FindLiveObjects: 0.505109 ms CreateObjectMapping: 0.093679 ms MarkObjects: 3.736998 ms  DeleteObjects: 0.100192 ms)

========================================================================
Received Prepare
Registering precompiled user dll's ...
Registered in 0.000859 seconds.
Begin MonoManager ReloadAssembly
Native extension for WindowsStandalone target not found
Native extension for OSXStandalone target not found
Refreshing native plugins compatible for Editor in 0.43 ms, found 1 plugins.
Preloading 0 native plugins for Editor in 0.00 ms.
Invoked RoslynAnalysisRunner static constructor.
RoslynAnalysisRunner will not be running.
RoslynAnalysisRunner has terminated.
Mono: successfully reloaded assembly
- Completed reload, in  2.139 seconds
Platform modules already initialized, skipping
Refreshing native plugins compatible for Editor in 0.43 ms, found 1 plugins.
Preloading 0 native plugins for Editor in 0.00 ms.
Unloading 1113 Unused Serialized files (Serialized files now loaded: 0)
System memory in use before: 119.4 MB.
System memory in use after: 119.5 MB.

Unloading 5 unused Assets to reduce memory usage. Loaded Objects now: 1666.
Total: 4.902575 ms (FindLiveObjects: 0.368198 ms CreateObjectMapping: 0.078946 ms MarkObjects: 4.343562 ms  DeleteObjects: 0.108098 ms)

========================================================================
Received Prepare
Registering precompiled user dll's ...
Registered in 0.000815 seconds.
Begin MonoManager ReloadAssembly
Native extension for WindowsStandalone target not found
Native extension for OSXStandalone target not found
Refreshing native plugins compatible for Editor in 0.50 ms, found 1 plugins.
Preloading 0 native plugins for Editor in 0.00 ms.
Invoked RoslynAnalysisRunner static constructor.
RoslynAnalysisRunner will not be running.
RoslynAnalysisRunner has terminated.
Mono: successfully reloaded assembly
- Completed reload, in  2.268 seconds
Platform modules already initialized, skipping
Refreshing native plugins compatible for Editor in 0.46 ms, found 1 plugins.
Preloading 0 native plugins for Editor in 0.00 ms.
Unloading 1113 Unused Serialized files (Serialized files now loaded: 0)
System memory in use before: 119.6 MB.
System memory in use after: 119.7 MB.

Unloading 5 unused Assets to reduce memory usage. Loaded Objects now: 1669.
Total: 3.999673 ms (FindLiveObjects: 0.636430 ms CreateObjectMapping: 0.267227 ms MarkObjects: 2.988894 ms  DeleteObjects: 0.102504 ms)

========================================================================
Received Prepare
Registering precompiled user dll's ...
Registered in 0.000807 seconds.
Begin MonoManager ReloadAssembly
Native extension for WindowsStandalone target not found
Native extension for OSXStandalone target not found
Refreshing native plugins compatible for Editor in 0.58 ms, found 1 plugins.
Preloading 0 native plugins for Editor in 0.00 ms.
Invoked RoslynAnalysisRunner static constructor.
RoslynAnalysisRunner will not be running.
RoslynAnalysisRunner has terminated.
Mono: successfully reloaded assembly
- Completed reload, in  2.298 seconds
Platform modules already initialized, skipping
Refreshing native plugins compatible for Editor in 0.52 ms, found 1 plugins.
Preloading 0 native plugins for Editor in 0.00 ms.
Unloading 1113 Unused Serialized files (Serialized files now loaded: 0)
System memory in use before: 119.7 MB.
System memory in use after: 119.8 MB.

Unloading 5 unused Assets to reduce memory usage. Loaded Objects now: 1672.
Total: 3.892521 ms (FindLiveObjects: 0.344617 ms CreateObjectMapping: 0.081535 ms MarkObjects: 3.355341 ms  DeleteObjects: 0.108237 ms)

========================================================================
Received Prepare
Registering precompiled user dll's ...
Registered in 0.000856 seconds.
Begin MonoManager ReloadAssembly
Native extension for WindowsStandalone target not found
Native extension for OSXStandalone target not found
Refreshing native plugins compatible for Editor in 0.44 ms, found 1 plugins.
Preloading 0 native plugins for Editor in 0.00 ms.
Invoked RoslynAnalysisRunner static constructor.
RoslynAnalysisRunner will not be running.
RoslynAnalysisRunner has terminated.
Mono: successfully reloaded assembly
- Completed reload, in  2.208 seconds
Platform modules already initialized, skipping
Refreshing native plugins compatible for Editor in 0.43 ms, found 1 plugins.
Preloading 0 native plugins for Editor in 0.00 ms.
Unloading 1113 Unused Serialized files (Serialized files now loaded: 0)
System memory in use before: 119.9 MB.
System memory in use after: 120.0 MB.

Unloading 5 unused Assets to reduce memory usage. Loaded Objects now: 1675.
Total: 4.237683 ms (FindLiveObjects: 0.591904 ms CreateObjectMapping: 0.309631 ms MarkObjects: 3.228536 ms  DeleteObjects: 0.105035 ms)

========================================================================
Received Prepare
Registering precompiled user dll's ...
Registered in 0.001508 seconds.
Begin MonoManager ReloadAssembly
Native extension for WindowsStandalone target not found
Native extension for OSXStandalone target not found
Refreshing native plugins compatible for Editor in 0.47 ms, found 1 plugins.
Preloading 0 native plugins for Editor in 0.00 ms.
Invoked RoslynAnalysisRunner static constructor.
RoslynAnalysisRunner will not be running.
RoslynAnalysisRunner has terminated.
Mono: successfully reloaded assembly
- Completed reload, in  2.264 seconds
Platform modules already initialized, skipping
Refreshing native plugins compatible for Editor in 0.44 ms, found 1 plugins.
Preloading 0 native plugins for Editor in 0.00 ms.
Unloading 1113 Unused Serialized files (Serialized files now loaded: 0)
System memory in use before: 120.1 MB.
System memory in use after: 120.2 MB.

Unloading 5 unused Assets to reduce memory usage. Loaded Objects now: 1678.
Total: 3.930578 ms (FindLiveObjects: 0.351300 ms CreateObjectMapping: 0.083595 ms MarkObjects: 3.376231 ms  DeleteObjects: 0.117067 ms)

========================================================================
Received Prepare
Registering precompiled user dll's ...
Registered in 0.000798 seconds.
Begin MonoManager ReloadAssembly
Native extension for WindowsStandalone target not found
Native extension for OSXStandalone target not found
Refreshing native plugins compatible for Editor in 0.44 ms, found 1 plugins.
Preloading 0 native plugins for Editor in 0.00 ms.
Invoked RoslynAnalysisRunner static constructor.
RoslynAnalysisRunner will not be running.
RoslynAnalysisRunner has terminated.
Mono: successfully reloaded assembly
- Completed reload, in  2.570 seconds
Platform modules already initialized, skipping
Refreshing native plugins compatible for Editor in 0.45 ms, found 1 plugins.
Preloading 0 native plugins for Editor in 0.00 ms.
Unloading 1113 Unused Serialized files (Serialized files now loaded: 0)
System memory in use before: 120.2 MB.
System memory in use after: 120.3 MB.

Unloading 5 unused Assets to reduce memory usage. Loaded Objects now: 1681.
Total: 4.274514 ms (FindLiveObjects: 0.347642 ms CreateObjectMapping: 0.074362 ms MarkObjects: 3.672887 ms  DeleteObjects: 0.175416 ms)

========================================================================
Received Prepare
Registering precompiled user dll's ...
Registered in 0.000808 seconds.
Begin MonoManager ReloadAssembly
Native extension for WindowsStandalone target not found
Native extension for OSXStandalone target not found
Refreshing native plugins compatible for Editor in 0.60 ms, found 1 plugins.
Preloading 0 native plugins for Editor in 0.00 ms.
Invoked RoslynAnalysisRunner static constructor.
RoslynAnalysisRunner will not be running.
RoslynAnalysisRunner has terminated.
Mono: successfully reloaded assembly
- Completed reload, in  3.549 seconds
Platform modules already initialized, skipping
Refreshing native plugins compatible for Editor in 0.47 ms, found 1 plugins.
Preloading 0 native plugins for Editor in 0.00 ms.
Unloading 1113 Unused Serialized files (Serialized files now loaded: 0)
System memory in use before: 120.4 MB.
System memory in use after: 120.5 MB.

Unloading 5 unused Assets to reduce memory usage. Loaded Objects now: 1684.
Total: 4.001625 ms (FindLiveObjects: 0.465399 ms CreateObjectMapping: 0.081391 ms MarkObjects: 3.261350 ms  DeleteObjects: 0.190609 ms)

========================================================================
Received Prepare
Registering precompiled user dll's ...
Registered in 0.000801 seconds.
Begin MonoManager ReloadAssembly
Native extension for WindowsStandalone target not found
Native extension for OSXStandalone target not found
Refreshing native plugins compatible for Editor in 0.43 ms, found 1 plugins.
Preloading 0 native plugins for Editor in 0.00 ms.
Invoked RoslynAnalysisRunner static constructor.
RoslynAnalysisRunner will not be running.
RoslynAnalysisRunner has terminated.
Mono: successfully reloaded assembly
- Completed reload, in  2.814 seconds
Platform modules already initialized, skipping
Refreshing native plugins compatible for Editor in 0.44 ms, found 1 plugins.
Preloading 0 native plugins for Editor in 0.00 ms.
Unloading 1113 Unused Serialized files (Serialized files now loaded: 0)
System memory in use before: 120.6 MB.
System memory in use after: 120.7 MB.

Unloading 5 unused Assets to reduce memory usage. Loaded Objects now: 1687.
Total: 5.197453 ms (FindLiveObjects: 1.526929 ms CreateObjectMapping: 0.240658 ms MarkObjects: 3.317281 ms  DeleteObjects: 0.108438 ms)

========================================================================
Received Prepare
Registering precompiled user dll's ...
Registered in 0.001510 seconds.
Begin MonoManager ReloadAssembly
Native extension for WindowsStandalone target not found
Native extension for OSXStandalone target not found
Refreshing native plugins compatible for Editor in 0.43 ms, found 1 plugins.
Preloading 0 native plugins for Editor in 0.00 ms.
Invoked RoslynAnalysisRunner static constructor.
RoslynAnalysisRunner will not be running.
RoslynAnalysisRunner has terminated.
Mono: successfully reloaded assembly
- Completed reload, in  2.654 seconds
Platform modules already initialized, skipping
Refreshing native plugins compatible for Editor in 0.44 ms, found 1 plugins.
Preloading 0 native plugins for Editor in 0.00 ms.
Unloading 1113 Unused Serialized files (Serialized files now loaded: 0)
System memory in use before: 120.7 MB.
System memory in use after: 120.8 MB.

Unloading 5 unused Assets to reduce memory usage. Loaded Objects now: 1690.
Total: 4.847624 ms (FindLiveObjects: 0.774795 ms CreateObjectMapping: 0.204376 ms MarkObjects: 3.749412 ms  DeleteObjects: 0.114830 ms)

========================================================================
Received Prepare
Registering precompiled user dll's ...
Registered in 0.065955 seconds.
Begin MonoManager ReloadAssembly
Native extension for WindowsStandalone target not found
Native extension for OSXStandalone target not found
Refreshing native plugins compatible for Editor in 0.43 ms, found 1 plugins.
Preloading 0 native plugins for Editor in 0.00 ms.
Invoked RoslynAnalysisRunner static constructor.
RoslynAnalysisRunner will not be running.
RoslynAnalysisRunner has terminated.
Mono: successfully reloaded assembly
- Completed reload, in  2.327 seconds
Platform modules already initialized, skipping
Refreshing native plugins compatible for Editor in 0.44 ms, found 1 plugins.
Preloading 0 native plugins for Editor in 0.00 ms.
Unloading 1113 Unused Serialized files (Serialized files now loaded: 0)
System memory in use before: 120.9 MB.
System memory in use after: 121.0 MB.

Unloading 5 unused Assets to reduce memory usage. Loaded Objects now: 1693.
Total: 3.805287 ms (FindLiveObjects: 0.359699 ms CreateObjectMapping: 0.091531 ms MarkObjects: 3.235419 ms  DeleteObjects: 0.115395 ms)

========================================================================
Received Prepare
Registering precompiled user dll's ...
Registered in 0.000823 seconds.
Begin MonoManager ReloadAssembly
Native extension for WindowsStandalone target not found
Native extension for OSXStandalone target not found
Refreshing native plugins compatible for Editor in 0.68 ms, found 1 plugins.
Preloading 0 native plugins for Editor in 0.00 ms.
Invoked RoslynAnalysisRunner static constructor.
RoslynAnalysisRunner will not be running.
RoslynAnalysisRunner has terminated.
Mono: successfully reloaded assembly
- Completed reload, in  2.302 seconds
Platform modules already initialized, skipping
Refreshing native plugins compatible for Editor in 0.46 ms, found 1 plugins.
Preloading 0 native plugins for Editor in 0.00 ms.
Unloading 1113 Unused Serialized files (Serialized files now loaded: 0)
System memory in use before: 121.1 MB.
System memory in use after: 121.1 MB.

Unloading 5 unused Assets to reduce memory usage. Loaded Objects now: 1696.
Total: 3.742640 ms (FindLiveObjects: 0.361026 ms CreateObjectMapping: 0.078818 ms MarkObjects: 3.181040 ms  DeleteObjects: 0.118326 ms)

========================================================================
Received Prepare
Registering precompiled user dll's ...
Registered in 0.001374 seconds.
Begin MonoManager ReloadAssembly
Native extension for WindowsStandalone target not found
Native extension for OSXStandalone target not found
Refreshing native plugins compatible for Editor in 0.61 ms, found 1 plugins.
Preloading 0 native plugins for Editor in 0.00 ms.
Invoked RoslynAnalysisRunner static constructor.
RoslynAnalysisRunner will not be running.
RoslynAnalysisRunner has terminated.
Mono: successfully reloaded assembly
- Completed reload, in  2.861 seconds
Platform modules already initialized, skipping
Refreshing native plugins compatible for Editor in 0.48 ms, found 1 plugins.
Preloading 0 native plugins for Editor in 0.00 ms.
Unloading 1113 Unused Serialized files (Serialized files now loaded: 0)
System memory in use before: 121.2 MB.
System memory in use after: 121.3 MB.

Unloading 5 unused Assets to reduce memory usage. Loaded Objects now: 1699.
Total: 3.883793 ms (FindLiveObjects: 0.352968 ms CreateObjectMapping: 0.089633 ms MarkObjects: 3.325455 ms  DeleteObjects: 0.112840 ms)

========================================================================
Received Prepare
Registering precompiled user dll's ...
Registered in 0.000877 seconds.
Begin MonoManager ReloadAssembly
Native extension for WindowsStandalone target not found
Native extension for OSXStandalone target not found
Refreshing native plugins compatible for Editor in 0.65 ms, found 1 plugins.
Preloading 0 native plugins for Editor in 0.00 ms.
Invoked RoslynAnalysisRunner static constructor.
RoslynAnalysisRunner will not be running.
RoslynAnalysisRunner has terminated.
Mono: successfully reloaded assembly
- Completed reload, in  2.772 seconds
Platform modules already initialized, skipping
Refreshing native plugins compatible for Editor in 0.47 ms, found 1 plugins.
Preloading 0 native plugins for Editor in 0.00 ms.
Unloading 1113 Unused Serialized files (Serialized files now loaded: 0)
System memory in use before: 121.4 MB.
System memory in use after: 121.5 MB.

Unloading 5 unused Assets to reduce memory usage. Loaded Objects now: 1702.
Total: 4.068959 ms (FindLiveObjects: 0.349270 ms CreateObjectMapping: 0.079297 ms MarkObjects: 3.449924 ms  DeleteObjects: 0.188175 ms)

========================================================================
Received Prepare
Registering precompiled user dll's ...
Registered in 0.000860 seconds.
Begin MonoManager ReloadAssembly
Native extension for WindowsStandalone target not found
Native extension for OSXStandalone target not found
Refreshing native plugins compatible for Editor in 0.47 ms, found 1 plugins.
Preloading 0 native plugins for Editor in 0.00 ms.
Invoked RoslynAnalysisRunner static constructor.
RoslynAnalysisRunner will not be running.
RoslynAnalysisRunner has terminated.
Mono: successfully reloaded assembly
- Completed reload, in  2.268 seconds
Platform modules already initialized, skipping
Refreshing native plugins compatible for Editor in 0.51 ms, found 1 plugins.
Preloading 0 native plugins for Editor in 0.00 ms.
Unloading 1113 Unused Serialized files (Serialized files now loaded: 0)
System memory in use before: 121.6 MB.
System memory in use after: 121.6 MB.

Unloading 5 unused Assets to reduce memory usage. Loaded Objects now: 1705.
Total: 4.022663 ms (FindLiveObjects: 0.351785 ms CreateObjectMapping: 0.171853 ms MarkObjects: 3.300627 ms  DeleteObjects: 0.195603 ms)

========================================================================
Received Prepare
Registering precompiled user dll's ...
Registered in 0.000913 seconds.
Begin MonoManager ReloadAssembly
Native extension for WindowsStandalone target not found
Native extension for OSXStandalone target not found
Refreshing native plugins compatible for Editor in 0.47 ms, found 1 plugins.
Preloading 0 native plugins for Editor in 0.00 ms.
Invoked RoslynAnalysisRunner static constructor.
RoslynAnalysisRunner will not be running.
RoslynAnalysisRunner has terminated.
Mono: successfully reloaded assembly
- Completed reload, in  3.021 seconds
Platform modules already initialized, skipping
Refreshing native plugins compatible for Editor in 0.47 ms, found 1 plugins.
Preloading 0 native plugins for Editor in 0.00 ms.
Unloading 1113 Unused Serialized files (Serialized files now loaded: 0)
System memory in use before: 121.7 MB.
System memory in use after: 121.8 MB.

Unloading 5 unused Assets to reduce memory usage. Loaded Objects now: 1708.
Total: 3.539462 ms (FindLiveObjects: 0.331515 ms CreateObjectMapping: 0.076309 ms MarkObjects: 3.024993 ms  DeleteObjects: 0.104444 ms)

========================================================================
Received Prepare
Registering precompiled user dll's ...
Registered in 0.000795 seconds.
Begin MonoManager ReloadAssembly
Native extension for WindowsStandalone target not found
Native extension for OSXStandalone target not found
Refreshing native plugins compatible for Editor in 0.45 ms, found 1 plugins.
Preloading 0 native plugins for Editor in 0.00 ms.
Invoked RoslynAnalysisRunner static constructor.
RoslynAnalysisRunner will not be running.
RoslynAnalysisRunner has terminated.
Mono: successfully reloaded assembly
- Completed reload, in  2.260 seconds
Platform modules already initialized, skipping
Refreshing native plugins compatible for Editor in 0.47 ms, found 1 plugins.
Preloading 0 native plugins for Editor in 0.00 ms.
Unloading 1113 Unused Serialized files (Serialized files now loaded: 0)
System memory in use before: 121.9 MB.
System memory in use after: 122.0 MB.

Unloading 5 unused Assets to reduce memory usage. Loaded Objects now: 1711.
Total: 4.412668 ms (FindLiveObjects: 0.343540 ms CreateObjectMapping: 0.084959 ms MarkObjects: 3.875087 ms  DeleteObjects: 0.106177 ms)

========================================================================
Received Prepare
Registering precompiled user dll's ...
Registered in 0.000921 seconds.
Begin MonoManager ReloadAssembly
Native extension for WindowsStandalone target not found
Native extension for OSXStandalone target not found
Refreshing native plugins compatible for Editor in 0.47 ms, found 1 plugins.
Preloading 0 native plugins for Editor in 0.00 ms.
Invoked RoslynAnalysisRunner static constructor.
RoslynAnalysisRunner will not be running.
RoslynAnalysisRunner has terminated.
Mono: successfully reloaded assembly
- Completed reload, in  2.403 seconds
Platform modules already initialized, skipping
Refreshing native plugins compatible for Editor in 0.47 ms, found 1 plugins.
Preloading 0 native plugins for Editor in 0.00 ms.
Unloading 1113 Unused Serialized files (Serialized files now loaded: 0)
System memory in use before: 122.0 MB.
System memory in use after: 122.1 MB.

Unloading 5 unused Assets to reduce memory usage. Loaded Objects now: 1714.
Total: 3.985439 ms (FindLiveObjects: 0.346870 ms CreateObjectMapping: 0.089045 ms MarkObjects: 3.343965 ms  DeleteObjects: 0.202828 ms)

========================================================================
Received Prepare
Registering precompiled user dll's ...
Registered in 0.000830 seconds.
Begin MonoManager ReloadAssembly
Native extension for WindowsStandalone target not found
Native extension for OSXStandalone target not found
Refreshing native plugins compatible for Editor in 0.43 ms, found 1 plugins.
Preloading 0 native plugins for Editor in 0.00 ms.
Invoked RoslynAnalysisRunner static constructor.
RoslynAnalysisRunner will not be running.
RoslynAnalysisRunner has terminated.
Mono: successfully reloaded assembly
- Completed reload, in  2.300 seconds
Platform modules already initialized, skipping
Refreshing native plugins compatible for Editor in 0.44 ms, found 1 plugins.
Preloading 0 native plugins for Editor in 0.00 ms.
Unloading 1113 Unused Serialized files (Serialized files now loaded: 0)
System memory in use before: 122.2 MB.
System memory in use after: 122.3 MB.

Unloading 5 unused Assets to reduce memory usage. Loaded Objects now: 1717.
Total: 3.779863 ms (FindLiveObjects: 0.334688 ms CreateObjectMapping: 0.076006 ms MarkObjects: 3.264743 ms  DeleteObjects: 0.102361 ms)

